<?xml version="1.0" encoding="UTF-8"?>
<coverage generated="1593858078381" clover="3.2.0">
  <project timestamp="1593858078382" name="All files">
    <metrics statements="2" coveredstatements="2" conditionals="2" coveredconditionals="2" methods="2" coveredmethods="2" elements="6" coveredelements="6" complexity="0" loc="2" ncloc="2" packages="1" files="1" classes="1"/>
    <file name="game.js" path="E:\IT_and_programing\Frontend\8.0_Homeworks\Task_4.2\src\js\game.js">
      <metrics statements="2" coveredstatements="2" conditionals="2" coveredconditionals="2" methods="2" coveredmethods="2"/>
      <line num="2" count="4" type="cond" truecount="2" falsecount="0"/>
      <line num="3" count="1" type="stmt"/>
    </file>
  </project>
</coverage>
