{"E:\\IT_and_programing\\Frontend\\8.0_Homeworks\\Task_4.2\\src\\js\\game.js": {"path":"E:\\IT_and_programing\\Frontend\\8.0_Homeworks\\Task_4.2\\src\\js\\game.js","statementMap":{"0":{"start":{"line":2,"column":4},"end":{"line":2,"column":54}},"1":{"start":{"line":2,"column":24},"end":{"line":2,"column":52}},"2":{"start":{"line":3,"column":4},"end":{"line":3,"column":15}}},"fnMap":{"0":{"name":"sortArmy","decl":{"start":{"line":1,"column":24},"end":{"line":1,"column":32}},"loc":{"start":{"line":1,"column":39},"end":{"line":4,"column":3}},"line":1},"1":{"name":"(anonymous_1)","decl":{"start":{"line":2,"column":14},"end":{"line":2,"column":15}},"loc":{"start":{"line":2,"column":24},"end":{"line":2,"column":52}},"line":2}},"branchMap":{"0":{"loc":{"start":{"line":2,"column":24},"end":{"line":2,"column":52}},"type":"cond-expr","locations":[{"start":{"line":2,"column":46},"end":{"line":2,"column":48}},{"start":{"line":2,"column":51},"end":{"line":2,"column":52}}],"line":2}},"s":{"0":1,"1":4,"2":1},"f":{"0":1,"1":4},"b":{"0":[2,2]},"_coverageSchema":"1a1c01bbd47fc00a2c39e90264f33305004495a9","hash":"dcb2d2ad74f9ff4e524309ee6ae4fd1eb890accc"}
}
